\BOOKMARK [1][-]{section.1}{Aten\347\343o: Isto \351 um RASCUNHO da documenta\347\343o do projeto}{}% 1
\BOOKMARK [1][-]{section.2}{Introdu\347\343o}{}% 2
\BOOKMARK [2][-]{subsection.2.1}{Defini\347\365es}{section.2}% 3
\BOOKMARK [3][-]{subsubsection.2.1.1}{Passo Fundamental}{subsection.2.1}% 4
\BOOKMARK [3][-]{subsubsection.2.1.2}{Movimento Intermedi\341rio ou Caminho}{subsection.2.1}% 5
\BOOKMARK [3][-]{subsubsection.2.1.3}{Movimento de Dan\347a ou Sequ\352ncia}{subsection.2.1}% 6
\BOOKMARK [2][-]{subsection.2.2}{Objetivo}{section.2}% 7
\BOOKMARK [1][-]{section.3}{Sistema de Orienta\347\343o}{}% 8
\BOOKMARK [2][-]{subsection.3.1}{Sentidos de Giros}{section.3}% 9
\BOOKMARK [1][-]{section.4}{Classe M\343o}{}% 10
\BOOKMARK [2][-]{subsection.4.1}{Objetos}{section.4}% 11
\BOOKMARK [2][-]{subsection.4.2}{Estados}{section.4}% 12
\BOOKMARK [2][-]{subsection.4.3}{M\351todos}{section.4}% 13
\BOOKMARK [1][-]{section.5}{criarDBTemp}{}% 14
\BOOKMARK [2][-]{subsection.5.1}{Descri\347\343o das Tabelas}{section.5}% 15
\BOOKMARK [3][-]{subsubsection.5.1.1}{Tabela tbNO}{subsection.5.1}% 16
\BOOKMARK [3][-]{subsubsection.5.1.2}{Tabela tbAD}{subsection.5.1}% 17
\BOOKMARK [3][-]{subsubsection.5.1.3}{Tabela tbSTP}{subsection.5.1}% 18
\BOOKMARK [1][-]{section.6}{criarDBTree}{}% 19
\BOOKMARK [1][-]{section.7}{Passos Fundamentais}{}% 20
\BOOKMARK [2][-]{subsection.7.1}{Modificadores de Passos}{section.7}% 21
\BOOKMARK [2][-]{subsection.7.2}{Modificadores de Rota\347\343o rot}{section.7}% 22
\BOOKMARK [3][-]{subsubsection.7.2.1}{Primeira Letra - Sentido}{subsection.7.2}% 23
\BOOKMARK [3][-]{subsubsection.7.2.2}{Segunda Letra - \302ngulo de rota\347\343o}{subsection.7.2}% 24
\BOOKMARK [2][-]{subsection.7.3}{Exemplo de Modificadores de Rota\347\343o}{section.7}% 25
\BOOKMARK [2][-]{subsection.7.4}{Modificadores de Transla\347\343o Tra}{section.7}% 26
